{
  "RSpec": {
    "coverage": {
      "/home/matthew/Scripts/rails/percipia/mongo-mobile-builder-api/rails5-mongoid/spec/models/html_spec.rb": [
        1,
        null,
        1,
        1,
        null
      ],
      "/home/matthew/Scripts/rails/percipia/mongo-mobile-builder-api/rails5-mongoid/spec/rails_helper.rb": [
        null,
        null,
        null,
        null,
        null,
        null,
        null,
        null,
        null,
        null,
        null,
        null,
        null,
        null,
        null,
        1,
        null,
        1,
        1,
        1,
        null,
        1,
        1,
        1,
        null,
        null,
        1,
        0,
        null,
        null,
        1,
        0,
        null,
        null,
        null,
        null,
        1,
        null,
        null,
        null,
        null,
        null,
        null,
        null,
        1,
        null,
        null,
        null,
        null,
        1,
        null,
        null,
        null,
        1,
        null,
        null,
        null,
        null,
        null,
        null,
        null,
        1,
        null,
        null,
        null,
        null,
        null,
        null,
        null,
        null,
        null,
        null,
        null,
        null,
        null,
        null,
        null,
        null,
        null,
        null,
        null,
        null,
        null,
        null,
        null,
        null,
        null,
        null,
        null,
        null,
        null,
        null,
        null,
        null,
        null,
        null,
        null,
        null,
        null,
        null,
        null,
        null,
        null,
        null,
        null,
        null,
        null,
        null,
        null,
        null,
        null,
        null,
        null,
        null,
        null,
        null,
        null
      ],
      "/home/matthew/Scripts/rails/percipia/mongo-mobile-builder-api/rails5-mongoid/config/environment.rb": [
        null,
        1,
        null,
        null,
        1
      ],
      "/home/matthew/Scripts/rails/percipia/mongo-mobile-builder-api/rails5-mongoid/config/application.rb": [
        1,
        null,
        1,
        null,
        1,
        1,
        null,
        1,
        1,
        1,
        1,
        1,
        null,
        null,
        null,
        null,
        1,
        null,
        1,
        1,
        null,
        1,
        null,
        null,
        null,
        null,
        null,
        null,
        1,
        null,
        null
      ],
      "/home/matthew/Scripts/rails/percipia/mongo-mobile-builder-api/rails5-mongoid/config/boot.rb": [
        1,
        null,
        1
      ],
      "/home/matthew/Scripts/rails/percipia/mongo-mobile-builder-api/rails5-mongoid/config/environments/test.rb": [
        1,
        null,
        null,
        null,
        null,
        null,
        null,
        1,
        null,
        null,
        null,
        null,
        1,
        null,
        null,
        1,
        1,
        null,
        null,
        null,
        null,
        1,
        1,
        null,
        null,
        1,
        null,
        null,
        1,
        1,
        null,
        null,
        null,
        null,
        1,
        null,
        null,
        1,
        null,
        null,
        null,
        null
      ],
      "/home/matthew/Scripts/rails/percipia/mongo-mobile-builder-api/rails5-mongoid/config/initializers/application_controller_renderer.rb": [
        null,
        null,
        null,
        null,
        null,
        null,
        null,
        null
      ],
      "/home/matthew/Scripts/rails/percipia/mongo-mobile-builder-api/rails5-mongoid/config/initializers/assets.rb": [
        null,
        null,
        null,
        1,
        null,
        null,
        null,
        null,
        1,
        null,
        null,
        null,
        null,
        null
      ],
      "/home/matthew/Scripts/rails/percipia/mongo-mobile-builder-api/rails5-mongoid/config/initializers/backtrace_silencers.rb": [
        null,
        null,
        null,
        null,
        null,
        null,
        null
      ],
      "/home/matthew/Scripts/rails/percipia/mongo-mobile-builder-api/rails5-mongoid/config/initializers/cookies_serializer.rb": [
        null,
        null,
        null,
        null,
        1
      ],
      "/home/matthew/Scripts/rails/percipia/mongo-mobile-builder-api/rails5-mongoid/config/initializers/filter_parameter_logging.rb": [
        null,
        null,
        null,
        1
      ],
      "/home/matthew/Scripts/rails/percipia/mongo-mobile-builder-api/rails5-mongoid/config/initializers/inflections.rb": [
        null,
        null,
        null,
        null,
        null,
        null,
        null,
        null,
        null,
        null,
        null,
        null,
        null,
        null,
        null,
        null
      ],
      "/home/matthew/Scripts/rails/percipia/mongo-mobile-builder-api/rails5-mongoid/config/initializers/mime_types.rb": [
        null,
        null,
        null,
        null
      ],
      "/home/matthew/Scripts/rails/percipia/mongo-mobile-builder-api/rails5-mongoid/config/initializers/wrap_parameters.rb": [
        null,
        null,
        null,
        null,
        null,
        null,
        1,
        2,
        null
      ],
      "/home/matthew/Scripts/rails/percipia/mongo-mobile-builder-api/rails5-mongoid/spec/factories/htmls.rb": [
        1,
        1,
        null,
        null,
        null
      ],
      "/home/matthew/Scripts/rails/percipia/mongo-mobile-builder-api/rails5-mongoid/config/routes.rb": [
        1,
        null,
        null
      ],
      "/home/matthew/Scripts/rails/percipia/mongo-mobile-builder-api/rails5-mongoid/app/helpers/application_helper.rb": [
        1,
        null
      ],
      "/home/matthew/Scripts/rails/percipia/mongo-mobile-builder-api/rails5-mongoid/app/models/html.rb": [
        1,
        1,
        null
      ]
    },
    "timestamp": 1513479269
  }
}
